<?xml version="1.0" encoding="UTF-8"?>
<testsuite xmlns:xsi="http://www.w3.org/2001/XMLSchema-instance" xsi:noNamespaceSchemaLocation="https://maven.apache.org/surefire/maven-surefire-plugin/xsd/surefire-test-report.xsd" name="cz.muni.fi.pb162.hw01.MorseCipherTest" time="0.053" tests="4" errors="0" skipped="0" failures="0">
  <properties>
[...]
</properties>
  <testcase name="disney" classname="cz.muni.fi.pb162.hw01.MorseCipherTest" time="0.021"/>
  <testcase name="secretMessage" classname="cz.muni.fi.pb162.hw01.MorseCipherTest" time="0.016"/>
  <testcase name="lennon" classname="cz.muni.fi.pb162.hw01.MorseCipherTest" time="0.004"/>
  <testcase name="mandela" classname="cz.muni.fi.pb162.hw01.MorseCipherTest" time="0.007"/>
</testsuite>